<?xml version="1.0" encoding="UTF-8"?>
<!-- Generated by org.testng.reporters.JUnitXMLReporter -->
<testsuite ignored="0" hostname="DESKTOP-ER5EIJK" failures="0" tests="3" name="Chrome_Test" time="10.529" errors="0" timestamp="2023-06-16T11:13:28 IST">
  <testcase classname="testCase.TC_001_LoginTest" name="loginTest" time="3.456"/>
  <testcase classname="testCase.TC_001_LoginTest" name="loginTest" time="0.009"/>
  <testcase classname="testCase.TC_001_LoginTest" name="loginTest" time="0.011"/>
</testsuite> <!-- Chrome_Test -->
