<?xml version="1.0" encoding="UTF-8"?>
<!-- Generated by org.testng.reporters.JUnitXMLReporter -->
<testsuite ignored="0" hostname="DESKTOP-ER5EIJK" failures="0" tests="3" name="Chrome_Test" time="50.711" errors="0" timestamp="2023-06-19T07:25:53 IST">
  <testcase classname="testCase.TC_001_LoginTest" name="loginTest" time="18.739"/>
  <testcase classname="testCase.TC_001_LoginTest" name="loginTest" time="4.742"/>
  <testcase classname="testCase.TC_001_LoginTest" name="loginTest" time="18.697"/>
</testsuite> <!-- Chrome_Test -->
