<?xml version="1.0" encoding="UTF-8"?>
<!-- Generated by org.testng.reporters.JUnitXMLReporter -->
<testsuite ignored="0" hostname="DESKTOP-ER5EIJK" failures="0" tests="3" name="Chrome_Test" time="70.052" errors="0" timestamp="2023-06-16T16:13:21 IST">
  <testcase classname="testCase.TC_001_LoginTest" name="loginTest" time="19.038"/>
  <testcase classname="testCase.TC_001_LoginTest" name="loginTest" time="20.658"/>
  <testcase classname="testCase.TC_001_LoginTest" name="loginTest" time="15.051"/>
</testsuite> <!-- Chrome_Test -->
