<?xml version="1.0" encoding="UTF-8"?>
<!-- Generated by org.testng.reporters.JUnitXMLReporter -->
<testsuite ignored="0" hostname="DESKTOP-ER5EIJK" failures="0" tests="3" name="Edge_Test" time="47.762" errors="0" timestamp="2023-06-19T07:26:41 IST">
  <testcase classname="testCase.TC_001_LoginTest" name="loginTest" time="18.907"/>
  <testcase classname="testCase.TC_001_LoginTest" name="loginTest" time="4.158"/>
  <testcase classname="testCase.TC_001_LoginTest" name="loginTest" time="18.492"/>
</testsuite> <!-- Edge_Test -->
