<?xml version="1.0" encoding="UTF-8"?>
<!-- Generated by org.testng.reporters.JUnitXMLReporter -->
<testsuite ignored="0" hostname="DESKTOP-ER5EIJK" failures="0" tests="3" name="Edge_Test" time="49.928" errors="0" timestamp="2023-06-16T16:14:11 IST">
  <testcase classname="testCase.TC_001_LoginTest" name="loginTest" time="18.605"/>
  <testcase classname="testCase.TC_001_LoginTest" name="loginTest" time="4.229"/>
  <testcase classname="testCase.TC_001_LoginTest" name="loginTest" time="18.464"/>
</testsuite> <!-- Edge_Test -->
