<?xml version="1.0" encoding="UTF-8"?>
<!-- Generated by org.testng.reporters.JUnitXMLReporter -->
<testsuite ignored="0" hostname="DESKTOP-ER5EIJK" failures="0" tests="3" name="Firefox_Test" time="57.692" errors="0" timestamp="2023-06-19T07:27:39 IST">
  <testcase classname="testCase.TC_001_LoginTest" name="loginTest" time="18.569"/>
  <testcase classname="testCase.TC_001_LoginTest" name="loginTest" time="4.229"/>
  <testcase classname="testCase.TC_001_LoginTest" name="loginTest" time="18.41"/>
</testsuite> <!-- Firefox_Test -->
