<?xml version="1.0" encoding="UTF-8"?>
<testng-results ignored="0" total="6" passed="6" failed="0" skipped="0">
  <reporter-output>
  </reporter-output>
  <suite started-at="2023-06-16T16:12:11 IST" name="Suite" finished-at="2023-06-16T16:14:11 IST" duration-ms="120335">
    <groups>
    </groups>
    <test started-at="2023-06-16T16:12:11 IST" name="Chrome_Test" finished-at="2023-06-16T16:13:21 IST" duration-ms="70052">
      <class name="testCase.TC_001_LoginTest">
        <test-method is-config="true" signature="setup(java.lang.String)[pri:0, instance:testCase.TC_001_LoginTest@2a3b5b47]" started-at="2023-06-16T16:12:11 IST" name="setup" finished-at="2023-06-16T16:12:26 IST" duration-ms="14750" status="PASS">
          <params>
            <param index="0">
              <value>
                <![CDATA[chrome]]>
              </value>
            </param>
          </params>
          <reporter-output>
          </reporter-output>
        </test-method> <!-- setup -->
        <test-method signature="loginTest(java.lang.String,java.lang.String)[pri:0, instance:testCase.TC_001_LoginTest@2a3b5b47]" started-at="2023-06-16T16:12:26 IST" name="loginTest" data-provider="testData" finished-at="2023-06-16T16:12:45 IST" duration-ms="19038" status="PASS">
          <params>
            <param index="0">
              <value>
                <![CDATA[abcdef]]>
              </value>
            </param>
            <param index="1">
              <value>
                <![CDATA[ghijkl]]>
              </value>
            </param>
          </params>
          <reporter-output>
          </reporter-output>
        </test-method> <!-- loginTest -->
        <test-method signature="loginTest(java.lang.String,java.lang.String)[pri:0, instance:testCase.TC_001_LoginTest@2a3b5b47]" started-at="2023-06-16T16:12:45 IST" name="loginTest" data-provider="testData" finished-at="2023-06-16T16:13:06 IST" duration-ms="20658" status="PASS">
          <params>
            <param index="0">
              <value>
                <![CDATA[standard_user]]>
              </value>
            </param>
            <param index="1">
              <value>
                <![CDATA[secret_sauce]]>
              </value>
            </param>
          </params>
          <reporter-output>
          </reporter-output>
        </test-method> <!-- loginTest -->
        <test-method signature="loginTest(java.lang.String,java.lang.String)[pri:0, instance:testCase.TC_001_LoginTest@2a3b5b47]" started-at="2023-06-16T16:13:06 IST" name="loginTest" data-provider="testData" finished-at="2023-06-16T16:13:21 IST" duration-ms="15051" status="PASS">
          <params>
            <param index="0">
              <value>
                <![CDATA[poiuyt]]>
              </value>
            </param>
            <param index="1">
              <value>
                <![CDATA[abcdef]]>
              </value>
            </param>
          </params>
          <reporter-output>
          </reporter-output>
        </test-method> <!-- loginTest -->
        <test-method is-config="true" signature="teardown()[pri:0, instance:testCase.TC_001_LoginTest@2a3b5b47]" started-at="2023-06-16T16:13:21 IST" name="teardown" finished-at="2023-06-16T16:13:21 IST" duration-ms="484" status="PASS">
          <reporter-output>
          </reporter-output>
        </test-method> <!-- teardown -->
      </class> <!-- testCase.TC_001_LoginTest -->
    </test> <!-- Chrome_Test -->
    <test started-at="2023-06-16T16:13:22 IST" name="Edge_Test" finished-at="2023-06-16T16:14:11 IST" duration-ms="49928">
      <class name="testCase.TC_001_LoginTest">
        <test-method is-config="true" signature="setup(java.lang.String)[pri:0, instance:testCase.TC_001_LoginTest@74235045]" started-at="2023-06-16T16:13:22 IST" name="setup" finished-at="2023-06-16T16:13:30 IST" duration-ms="8242" status="PASS">
          <params>
            <param index="0">
              <value>
                <![CDATA[edge]]>
              </value>
            </param>
          </params>
          <reporter-output>
          </reporter-output>
        </test-method> <!-- setup -->
        <test-method signature="loginTest(java.lang.String,java.lang.String)[pri:0, instance:testCase.TC_001_LoginTest@74235045]" started-at="2023-06-16T16:13:30 IST" name="loginTest" data-provider="testData" finished-at="2023-06-16T16:13:48 IST" duration-ms="18605" status="PASS">
          <params>
            <param index="0">
              <value>
                <![CDATA[abcdef]]>
              </value>
            </param>
            <param index="1">
              <value>
                <![CDATA[ghijkl]]>
              </value>
            </param>
          </params>
          <reporter-output>
          </reporter-output>
        </test-method> <!-- loginTest -->
        <test-method signature="loginTest(java.lang.String,java.lang.String)[pri:0, instance:testCase.TC_001_LoginTest@74235045]" started-at="2023-06-16T16:13:48 IST" name="loginTest" data-provider="testData" finished-at="2023-06-16T16:13:53 IST" duration-ms="4229" status="PASS">
          <params>
            <param index="0">
              <value>
                <![CDATA[standard_user]]>
              </value>
            </param>
            <param index="1">
              <value>
                <![CDATA[secret_sauce]]>
              </value>
            </param>
          </params>
          <reporter-output>
          </reporter-output>
        </test-method> <!-- loginTest -->
        <test-method signature="loginTest(java.lang.String,java.lang.String)[pri:0, instance:testCase.TC_001_LoginTest@74235045]" started-at="2023-06-16T16:13:53 IST" name="loginTest" data-provider="testData" finished-at="2023-06-16T16:14:11 IST" duration-ms="18464" status="PASS">
          <params>
            <param index="0">
              <value>
                <![CDATA[poiuyt]]>
              </value>
            </param>
            <param index="1">
              <value>
                <![CDATA[abcdef]]>
              </value>
            </param>
          </params>
          <reporter-output>
          </reporter-output>
        </test-method> <!-- loginTest -->
        <test-method is-config="true" signature="teardown()[pri:0, instance:testCase.TC_001_LoginTest@74235045]" started-at="2023-06-16T16:14:11 IST" name="teardown" finished-at="2023-06-16T16:14:11 IST" duration-ms="378" status="PASS">
          <reporter-output>
          </reporter-output>
        </test-method> <!-- teardown -->
      </class> <!-- testCase.TC_001_LoginTest -->
    </test> <!-- Edge_Test -->
  </suite> <!-- Suite -->
</testng-results>
