<?xml version="1.0" encoding="UTF-8"?>
<testng-results ignored="0" total="9" passed="9" failed="0" skipped="0">
  <reporter-output>
  </reporter-output>
  <suite started-at="2023-06-19T07:25:03 IST" name="Suite" finished-at="2023-06-19T07:27:39 IST" duration-ms="156216">
    <groups>
    </groups>
    <test started-at="2023-06-19T07:25:03 IST" name="Chrome_Test" finished-at="2023-06-19T07:25:53 IST" duration-ms="50711">
      <class name="testCase.TC_001_LoginTest">
        <test-method is-config="true" signature="setup(java.lang.String)[pri:0, instance:testCase.TC_001_LoginTest@563f38c4]" started-at="2023-06-19T07:25:03 IST" name="setup" finished-at="2023-06-19T07:25:10 IST" duration-ms="7932" status="PASS">
          <params>
            <param index="0">
              <value>
                <![CDATA[chrome]]>
              </value>
            </param>
          </params>
          <reporter-output>
          </reporter-output>
        </test-method> <!-- setup -->
        <test-method signature="loginTest(java.lang.String,java.lang.String)[pri:0, instance:testCase.TC_001_LoginTest@563f38c4]" started-at="2023-06-19T07:25:11 IST" name="loginTest" data-provider="testData" finished-at="2023-06-19T07:25:29 IST" duration-ms="18739" status="PASS">
          <params>
            <param index="0">
              <value>
                <![CDATA[abcdef]]>
              </value>
            </param>
            <param index="1">
              <value>
                <![CDATA[ghijkl]]>
              </value>
            </param>
          </params>
          <reporter-output>
          </reporter-output>
        </test-method> <!-- loginTest -->
        <test-method signature="loginTest(java.lang.String,java.lang.String)[pri:0, instance:testCase.TC_001_LoginTest@563f38c4]" started-at="2023-06-19T07:25:29 IST" name="loginTest" data-provider="testData" finished-at="2023-06-19T07:25:34 IST" duration-ms="4742" status="PASS">
          <params>
            <param index="0">
              <value>
                <![CDATA[standard_user]]>
              </value>
            </param>
            <param index="1">
              <value>
                <![CDATA[secret_sauce]]>
              </value>
            </param>
          </params>
          <reporter-output>
          </reporter-output>
        </test-method> <!-- loginTest -->
        <test-method signature="loginTest(java.lang.String,java.lang.String)[pri:0, instance:testCase.TC_001_LoginTest@563f38c4]" started-at="2023-06-19T07:25:34 IST" name="loginTest" data-provider="testData" finished-at="2023-06-19T07:25:53 IST" duration-ms="18697" status="PASS">
          <params>
            <param index="0">
              <value>
                <![CDATA[poiuyt]]>
              </value>
            </param>
            <param index="1">
              <value>
                <![CDATA[abcdef]]>
              </value>
            </param>
          </params>
          <reporter-output>
          </reporter-output>
        </test-method> <!-- loginTest -->
        <test-method is-config="true" signature="teardown()[pri:0, instance:testCase.TC_001_LoginTest@563f38c4]" started-at="2023-06-19T07:25:53 IST" name="teardown" finished-at="2023-06-19T07:25:53 IST" duration-ms="498" status="PASS">
          <reporter-output>
          </reporter-output>
        </test-method> <!-- teardown -->
      </class> <!-- testCase.TC_001_LoginTest -->
    </test> <!-- Chrome_Test -->
    <test started-at="2023-06-19T07:25:53 IST" name="Edge_Test" finished-at="2023-06-19T07:26:41 IST" duration-ms="47762">
      <class name="testCase.TC_001_LoginTest">
        <test-method is-config="true" signature="setup(java.lang.String)[pri:0, instance:testCase.TC_001_LoginTest@68c9133c]" started-at="2023-06-19T07:25:53 IST" name="setup" finished-at="2023-06-19T07:25:59 IST" duration-ms="5652" status="PASS">
          <params>
            <param index="0">
              <value>
                <![CDATA[edge]]>
              </value>
            </param>
          </params>
          <reporter-output>
          </reporter-output>
        </test-method> <!-- setup -->
        <test-method signature="loginTest(java.lang.String,java.lang.String)[pri:0, instance:testCase.TC_001_LoginTest@68c9133c]" started-at="2023-06-19T07:25:59 IST" name="loginTest" data-provider="testData" finished-at="2023-06-19T07:26:18 IST" duration-ms="18907" status="PASS">
          <params>
            <param index="0">
              <value>
                <![CDATA[abcdef]]>
              </value>
            </param>
            <param index="1">
              <value>
                <![CDATA[ghijkl]]>
              </value>
            </param>
          </params>
          <reporter-output>
          </reporter-output>
        </test-method> <!-- loginTest -->
        <test-method signature="loginTest(java.lang.String,java.lang.String)[pri:0, instance:testCase.TC_001_LoginTest@68c9133c]" started-at="2023-06-19T07:26:18 IST" name="loginTest" data-provider="testData" finished-at="2023-06-19T07:26:22 IST" duration-ms="4158" status="PASS">
          <params>
            <param index="0">
              <value>
                <![CDATA[standard_user]]>
              </value>
            </param>
            <param index="1">
              <value>
                <![CDATA[secret_sauce]]>
              </value>
            </param>
          </params>
          <reporter-output>
          </reporter-output>
        </test-method> <!-- loginTest -->
        <test-method signature="loginTest(java.lang.String,java.lang.String)[pri:0, instance:testCase.TC_001_LoginTest@68c9133c]" started-at="2023-06-19T07:26:22 IST" name="loginTest" data-provider="testData" finished-at="2023-06-19T07:26:40 IST" duration-ms="18492" status="PASS">
          <params>
            <param index="0">
              <value>
                <![CDATA[poiuyt]]>
              </value>
            </param>
            <param index="1">
              <value>
                <![CDATA[abcdef]]>
              </value>
            </param>
          </params>
          <reporter-output>
          </reporter-output>
        </test-method> <!-- loginTest -->
        <test-method is-config="true" signature="teardown()[pri:0, instance:testCase.TC_001_LoginTest@68c9133c]" started-at="2023-06-19T07:26:40 IST" name="teardown" finished-at="2023-06-19T07:26:41 IST" duration-ms="547" status="PASS">
          <reporter-output>
          </reporter-output>
        </test-method> <!-- teardown -->
      </class> <!-- testCase.TC_001_LoginTest -->
    </test> <!-- Edge_Test -->
    <test started-at="2023-06-19T07:26:41 IST" name="Firefox_Test" finished-at="2023-06-19T07:27:39 IST" duration-ms="57692">
      <class name="testCase.TC_001_LoginTest">
        <test-method is-config="true" signature="setup(java.lang.String)[pri:0, instance:testCase.TC_001_LoginTest@5e2c3d18]" started-at="2023-06-19T07:26:41 IST" name="setup" finished-at="2023-06-19T07:26:52 IST" duration-ms="10739" status="PASS">
          <params>
            <param index="0">
              <value>
                <![CDATA[firefox]]>
              </value>
            </param>
          </params>
          <reporter-output>
          </reporter-output>
        </test-method> <!-- setup -->
        <test-method signature="loginTest(java.lang.String,java.lang.String)[pri:0, instance:testCase.TC_001_LoginTest@5e2c3d18]" started-at="2023-06-19T07:26:52 IST" name="loginTest" data-provider="testData" finished-at="2023-06-19T07:27:10 IST" duration-ms="18569" status="PASS">
          <params>
            <param index="0">
              <value>
                <![CDATA[abcdef]]>
              </value>
            </param>
            <param index="1">
              <value>
                <![CDATA[ghijkl]]>
              </value>
            </param>
          </params>
          <reporter-output>
          </reporter-output>
        </test-method> <!-- loginTest -->
        <test-method signature="loginTest(java.lang.String,java.lang.String)[pri:0, instance:testCase.TC_001_LoginTest@5e2c3d18]" started-at="2023-06-19T07:27:10 IST" name="loginTest" data-provider="testData" finished-at="2023-06-19T07:27:15 IST" duration-ms="4229" status="PASS">
          <params>
            <param index="0">
              <value>
                <![CDATA[standard_user]]>
              </value>
            </param>
            <param index="1">
              <value>
                <![CDATA[secret_sauce]]>
              </value>
            </param>
          </params>
          <reporter-output>
          </reporter-output>
        </test-method> <!-- loginTest -->
        <test-method signature="loginTest(java.lang.String,java.lang.String)[pri:0, instance:testCase.TC_001_LoginTest@5e2c3d18]" started-at="2023-06-19T07:27:15 IST" name="loginTest" data-provider="testData" finished-at="2023-06-19T07:27:33 IST" duration-ms="18410" status="PASS">
          <params>
            <param index="0">
              <value>
                <![CDATA[poiuyt]]>
              </value>
            </param>
            <param index="1">
              <value>
                <![CDATA[abcdef]]>
              </value>
            </param>
          </params>
          <reporter-output>
          </reporter-output>
        </test-method> <!-- loginTest -->
        <test-method is-config="true" signature="teardown()[pri:0, instance:testCase.TC_001_LoginTest@5e2c3d18]" started-at="2023-06-19T07:27:33 IST" name="teardown" finished-at="2023-06-19T07:27:39 IST" duration-ms="5732" status="PASS">
          <reporter-output>
          </reporter-output>
        </test-method> <!-- teardown -->
      </class> <!-- testCase.TC_001_LoginTest -->
    </test> <!-- Firefox_Test -->
  </suite> <!-- Suite -->
</testng-results>
